<?xml version="1.0" encoding="UTF-8"?>
<!-- Generated by org.testng.reporters.JUnitReportReporter -->
<testsuite skipped="0" hostname="admin-PC" name="IncudeExcludeConcept.ClassVehicle" tests="4" failures="0" timestamp="26 Sep 2020 07:45:27 GMT" time="0.013" errors="0">
  <testcase name="VehicleLoanAxis" time="0.005" classname="IncudeExcludeConcept.ClassVehicle"/>
  <testcase name="VehicleLoanICICI" time="0.004" classname="IncudeExcludeConcept.ClassVehicle"/>
  <testcase name="VehicleLoanPunjab" time="0.002" classname="IncudeExcludeConcept.ClassVehicle"/>
  <testcase name="VehicleLoanHDFC" time="0.002" classname="IncudeExcludeConcept.ClassVehicle"/>
</testsuite> <!-- IncudeExcludeConcept.ClassVehicle -->
