<?xml version="1.0" encoding="UTF-8"?>
<!-- Generated by org.testng.reporters.JUnitReportReporter -->
<testsuite skipped="0" hostname="admin-PC" name="IncudeExcludeConcept.ClassHome" tests="4" failures="0" timestamp="26 Sep 2020 07:45:27 GMT" time="0.009" errors="0">
  <testcase name="HomeLoanPunjab" time="0.002" classname="IncudeExcludeConcept.ClassHome"/>
  <testcase name="HomeLoanICICI" time="0.002" classname="IncudeExcludeConcept.ClassHome"/>
  <testcase name="HomeLoanAxis" time="0.003" classname="IncudeExcludeConcept.ClassHome"/>
  <testcase name="HomeLoanHDFC" time="0.002" classname="IncudeExcludeConcept.ClassHome"/>
</testsuite> <!-- IncudeExcludeConcept.ClassHome -->
