<?xml version="1.0" encoding="UTF-8"?>
<!-- Generated by org.testng.reporters.JUnitReportReporter -->
<testsuite skipped="0" hostname="admin-PC" name="IncudeExcludeConcept.ClassPersonal" tests="4" failures="0" timestamp="26 Sep 2020 07:45:27 GMT" time="0.018" errors="0">
  <testcase name="PersonalLoanAxis" time="0.002" classname="IncudeExcludeConcept.ClassPersonal"/>
  <testcase name="PersonalLoanPunjab" time="0.008" classname="IncudeExcludeConcept.ClassPersonal"/>
  <testcase name="PersonalLoanICICI" time="0.002" classname="IncudeExcludeConcept.ClassPersonal"/>
  <testcase name="PersonalLoanHDFC" time="0.006" classname="IncudeExcludeConcept.ClassPersonal"/>
</testsuite> <!-- IncudeExcludeConcept.ClassPersonal -->
