<?xml version="1.0" encoding="UTF-8"?>
<!-- Generated by org.testng.reporters.JUnitReportReporter -->
<testsuite skipped="0" hostname="admin-PC" name="IncludeExcludeConcept.ClassPersonal" tests="1" failures="0" timestamp="26 Sep 2020 09:52:09 GMT" time="0.007" errors="0">
  <testcase name="PersonalLoanAxis" time="0.007" classname="IncludeExcludeConcept.ClassPersonal"/>
</testsuite> <!-- IncludeExcludeConcept.ClassPersonal -->
