<?xml version="1.0" encoding="UTF-8"?>
<!-- Generated by org.testng.reporters.JUnitReportReporter -->
<testsuite skipped="0" hostname="admin-PC" name="IncludeExcludeConcept.ClassVehicle" tests="1" failures="0" timestamp="26 Sep 2020 09:52:09 GMT" time="0.002" errors="0">
  <testcase name="VehicleLoanHDFC" time="0.002" classname="IncludeExcludeConcept.ClassVehicle"/>
</testsuite> <!-- IncludeExcludeConcept.ClassVehicle -->
