<?xml version="1.0" encoding="UTF-8"?>
<!-- Generated by org.testng.reporters.JUnitReportReporter -->
<testsuite skipped="0" hostname="admin-PC" name="IncludeExcludeConcept.Trial" tests="1" failures="0" timestamp="05 Oct 2020 15:40:22 GMT" time="0.006" errors="0">
  <testcase name="Test" time="0.006" classname="IncludeExcludeConcept.Trial"/>
</testsuite> <!-- IncludeExcludeConcept.Trial -->
