<?xml version="1.0" encoding="UTF-8"?>
<!-- Generated by org.testng.reporters.JUnitReportReporter -->
<testsuite skipped="0" hostname="admin-PC" name="IncudeExcludeConcept.ClassGold" tests="4" failures="0" timestamp="26 Sep 2020 07:45:27 GMT" time="0.021" errors="0">
  <testcase name="GoldLoanAxis" time="0.015" classname="IncudeExcludeConcept.ClassGold"/>
  <testcase name="GoldLoanICICI" time="0.002" classname="IncudeExcludeConcept.ClassGold"/>
  <testcase name="GoldLoanHDFC" time="0.002" classname="IncudeExcludeConcept.ClassGold"/>
  <testcase name="GoldLoanPunjab" time="0.002" classname="IncudeExcludeConcept.ClassGold"/>
</testsuite> <!-- IncudeExcludeConcept.ClassGold -->
