<?xml version="1.0" encoding="UTF-8"?>
<!-- Generated by org.testng.reporters.JUnitReportReporter -->
<testsuite skipped="0" hostname="admin-PC" name="IncludeExcludeConcept.ClassHome" tests="1" failures="0" timestamp="26 Sep 2020 09:52:09 GMT" time="0.001" errors="0">
  <testcase name="HomeLoanPunjab" time="0.001" classname="IncludeExcludeConcept.ClassHome"/>
</testsuite> <!-- IncludeExcludeConcept.ClassHome -->
